<?xml version="1.0" encoding="UTF-8"?>
<testsuite xmlns:xsi="http://www.w3.org/2001/XMLSchema-instance" xsi:noNamespaceSchemaLocation="https://maven.apache.org/surefire/maven-surefire-plugin/xsd/surefire-test-report.xsd" version="3.0.2" name="com.store.bookstore.BookStoreApplicationTests" time="2.744" tests="1" errors="0" skipped="0" failures="0">
  <properties>
[...]
</properties>
  <testcase name="contextLoads" classname="com.store.bookstore.BookStoreApplicationTests" time="0.257">
    <system-out><![CDATA[16:46:17.920 [main] INFO org.springframework.test.context.support.AnnotationConfigContextLoaderUtils -- Could not detect default configuration classes for test class [com.store.bookstore.BookStoreApplicationTests]: BookStoreApplicationTests does not declare any static, non-private, non-final, nested classes annotated with @Configuration.
16:46:17.991 [main] INFO org.springframework.boot.test.context.SpringBootTestContextBootstrapper -- Found @SpringBootConfiguration com.store.bookstore.BookStoreApplication for test class com.store.bookstore.BookStoreApplicationTests

  .   ____          _            __ _ _
 /\\ / ___'_ __ _ _(_)_ __  __ _ \ \ \ \
( ( )\___ | '_ | '_| | '_ \/ _` | \ \ \ \
 \\/  ___)| |_)| | | | | || (_| |  ) ) ) )
  '  |____| .__|_| |_|_| |_\__, | / / / /
 =========|_|==============|___/=/_/_/_/

 :: Spring Boot ::             (v3.4.0-M3)

2024-10-01T16:46:18.240+02:00  INFO 5468 --- [           main] c.s.bookstore.BookStoreApplicationTests  : Starting BookStoreApplicationTests using Java 18.0.1.1 with PID 5468 (started by Vladyslav in C:\Users\Vladyslav\IdeaProjects\spring-boot-book-store)
2024-10-01T16:46:18.241+02:00  INFO 5468 --- [           main] c.s.bookstore.BookStoreApplicationTests  : No active profile set, falling back to 1 default profile: "default"
2024-10-01T16:46:18.493+02:00  INFO 5468 --- [           main] .s.d.r.c.RepositoryConfigurationDelegate : Bootstrapping Spring Data JPA repositories in DEFAULT mode.
2024-10-01T16:46:18.512+02:00  INFO 5468 --- [           main] .s.d.r.c.RepositoryConfigurationDelegate : Finished Spring Data repository scanning in 11 ms. Found 0 JPA repository interfaces.
2024-10-01T16:46:18.726+02:00  INFO 5468 --- [           main] com.zaxxer.hikari.HikariDataSource       : HikariPool-1 - Starting...
2024-10-01T16:46:18.883+02:00  INFO 5468 --- [           main] com.zaxxer.hikari.pool.HikariPool        : HikariPool-1 - Added connection conn0: url=jdbc:h2:mem:testdb user=SA
2024-10-01T16:46:18.884+02:00  INFO 5468 --- [           main] com.zaxxer.hikari.HikariDataSource       : HikariPool-1 - Start completed.
2024-10-01T16:46:18.939+02:00  INFO 5468 --- [           main] o.hibernate.jpa.internal.util.LogHelper  : HHH000204: Processing PersistenceUnitInfo [name: default]
2024-10-01T16:46:18.980+02:00  INFO 5468 --- [           main] org.hibernate.Version                    : HHH000412: Hibernate ORM core version 6.6.1.Final
2024-10-01T16:46:19.005+02:00  INFO 5468 --- [           main] o.h.c.internal.RegionFactoryInitiator    : HHH000026: Second-level cache disabled
2024-10-01T16:46:19.216+02:00  INFO 5468 --- [           main] o.s.o.j.p.SpringPersistenceUnitInfo      : No LoadTimeWeaver setup: ignoring JPA class transformer
2024-10-01T16:46:19.248+02:00  WARN 5468 --- [           main] org.hibernate.orm.deprecation            : HHH90000025: H2Dialect does not need to be specified explicitly using 'hibernate.dialect' (remove the property setting and it will be selected by default)
2024-10-01T16:46:19.262+02:00  INFO 5468 --- [           main] org.hibernate.orm.connections.pooling    : HHH10001005: Database info:
	Database JDBC URL [Connecting through datasource 'HikariDataSource (HikariPool-1)']
	Database driver: undefined/unknown
	Database version: 2.3.232
	Autocommit mode: undefined/unknown
	Isolation level: undefined/unknown
	Minimum pool size: undefined/unknown
	Maximum pool size: undefined/unknown
2024-10-01T16:46:19.793+02:00  INFO 5468 --- [           main] o.h.e.t.j.p.i.JtaPlatformInitiator       : HHH000489: No JTA platform available (set 'hibernate.transaction.jta.platform' to enable JTA platform integration)
2024-10-01T16:46:19.811+02:00  INFO 5468 --- [           main] j.LocalContainerEntityManagerFactoryBean : Initialized JPA EntityManagerFactory for persistence unit 'default'
2024-10-01T16:46:19.943+02:00  INFO 5468 --- [           main] c.s.bookstore.BookStoreApplicationTests  : Started BookStoreApplicationTests in 1.864 seconds (process running for 2.498)
[Book(id=1, title=White Fang, author=Jack London, isbn=978-1-85813-740-7, price=20.00, description=It is a novel about a wild wolfdog's adventure during the 1890s Klondike Gold Rush., coverImage=https://upload.wikimedia.org/wikipedia/commons/1/14/JackLondonwhitefang1.jpg)]
]]></system-out>
  </testcase>
</testsuite>